<?xml version="1.0" encoding="UTF-8"?>
<!-- Generated by org.testng.reporters.JUnitReportReporter -->
<testsuite hostname="DESKTOP-H0GFJ7U" failures="0" tests="2" name="CreateAccountTest" time="51.814" errors="0" timestamp="2021-03-31T15:42:38 CST" skipped="0">
  <testcase classname="CreateAccountTest" name="Sign_Up" time="9.665"/>
  <system-out/>
  <testcase classname="CreateAccountTest" name="fillInformation" time="42.149"/>
  <system-out/>
</testsuite> <!-- CreateAccountTest -->
