<?xml version="1.0" encoding="UTF-8"?>
<!-- Generated by org.testng.reporters.JUnitReportReporter -->
<testsuite hostname="LuragonPC" failures="0" tests="1" name="TC26_Remove_product_from_cart_summary" time="25.276" errors="0" timestamp="2021-04-07T19:11:58 CDT" skipped="0">
  <testcase classname="TC26_Remove_product_from_cart_summary" name="TC26_Remove_product_from_cart_summary" time="25.276"/>
  <system-out/>
</testsuite> <!-- TC26_Remove_product_from_cart_summary -->
