<?xml version="1.0" encoding="UTF-8"?>
<!-- Generated by org.testng.reporters.JUnitReportReporter -->
<testsuite hostname="DESKTOP-87HQ1CG" failures="0" tests="1" name="TC26_Remove_product_from_cart_summary" time="12.045" errors="0" timestamp="2021-04-05T22:14:41 CDT" skipped="0">
  <testcase classname="TC26_Remove_product_from_cart_summary" name="TC26_Remove_product_from_cart_summary" time="12.045"/>
  <system-out/>
</testsuite> <!-- TC26_Remove_product_from_cart_summary -->
