<?xml version="1.0" encoding="UTF-8"?>
<!-- Generated by org.testng.reporters.JUnitReportReporter -->
<testsuite hostname="LuragonPC" failures="0" tests="1" name="NewTest" time="16.977" errors="0" timestamp="2021-04-07T10:51:27 CDT" skipped="0">
  <testcase classname="NewTest" name="PassReq" time="16.977"/>
  <system-out/>
</testsuite> <!-- NewTest -->
