<?xml version="1.0" encoding="UTF-8"?>
<!-- Generated by org.testng.reporters.JUnitReportReporter -->
<testsuite hostname="LuragonPC" failures="0" tests="1" name="TC25_Remove_product_from_cart_dropdown" time="16.775" errors="0" timestamp="2021-04-08T10:52:01 CDT" skipped="0">
  <testcase classname="TC25_Remove_product_from_cart_dropdown" name="TC25_Remove_product_from_cart_dropdown" time="16.775"/>
  <system-out/>
</testsuite> <!-- TC25_Remove_product_from_cart_dropdown -->
