<?xml version="1.0" encoding="UTF-8"?>
<!-- Generated by org.testng.reporters.JUnitReportReporter -->
<testsuite hostname="DESKTOP-762SG28" failures="0" tests="1" name="SelectPaymentBankWire" time="24.264" errors="0" timestamp="2021-03-31T17:00:51 CST" skipped="0">
  <testcase classname="SelectPaymentBankWire" name="payment" time="24.264"/>
  <system-out/>
</testsuite> <!-- SelectPaymentBankWire -->
