<?xml version="1.0" encoding="UTF-8"?>
<!-- Generated by org.testng.reporters.JUnitReportReporter -->
<testsuite hostname="LuragonPC" failures="0" tests="1" name="PageFactoryTest" time="25.258" errors="0" timestamp="2021-04-05T16:27:42 CDT" skipped="0">
  <testcase classname="PageFactoryTest" name="addProductSearch" time="25.258"/>
  <system-out/>
</testsuite> <!-- PageFactoryTest -->
