<?xml version="1.0" encoding="UTF-8"?>
<!-- Generated by org.testng.reporters.JUnitReportReporter -->
<testsuite hostname="LuragonPC" failures="0" tests="1" name="PageFactoryTest" time="8.298" errors="0" timestamp="2021-04-06T21:16:04 CDT" skipped="0">
  <testcase classname="PageFactoryTest" name="addProductMain" time="8.298"/>
  <system-out/>
</testsuite> <!-- PageFactoryTest -->
