<?xml version="1.0" encoding="UTF-8"?>
<!-- Generated by org.testng.reporters.JUnitReportReporter -->
<testsuite hostname="DESKTOP-H0GFJ7U" failures="0" tests="2" name="TC05_08_CreateAccountTest" time="53.236" errors="0" timestamp="2021-04-08T12:51:54 CDT" skipped="0">
  <testcase classname="TC05_08_CreateAccountTest" name="Sign_Up" time="8.707"/>
  <system-out/>
  <testcase classname="TC05_08_CreateAccountTest" name="fillInformation" time="44.529"/>
  <system-out/>
</testsuite> <!-- TC05_08_CreateAccountTest -->
